2025-06-17 19:23:06 - === TEST LOG ENTRY ===
2025-06-17 19:33:29 - === TEST LOG ENTRY ===
2025-06-17 19:34:30 - === TEST LOG ENTRY ===
2025-06-17 19:36:03 - 
==================================================
2025-06-17 19:36:03 - NEW SESSION STARTED AT 2025-06-17 19:36:03.114092
2025-06-17 19:36:03 - Generated wordlist with 25 entries: wordlist_20250617_193603.txt
2025-06-18 17:02:47 - 
==================================================
2025-06-18 17:02:47 - NEW SESSION STARTED AT 2025-06-18 17:02:47.471052
2025-06-18 17:04:20 - 
==================================================
2025-06-18 17:04:20 - NEW SESSION STARTED AT 2025-06-18 17:04:20.816596
2025-06-18 17:04:20 - Analyzed: 'P@ssw0rd123!' | Score: 2/4
2025-06-18 17:04:35 - 
==================================================
2025-06-18 17:04:35 - NEW SESSION STARTED AT 2025-06-18 17:04:35.943638
2025-06-18 17:04:35 - Generated wordlist with 20 entries: wordlist_20250618_170435.txt
2025-06-18 17:10:02 - 
==================================================
2025-06-27 17:14:36 - NEW SESSION STARTED AT 2025-06-27 17:14:36.205188
2025-06-27 17:15:27 - 
==================================================
2025-06-27 17:15:27 - NEW SESSION STARTED AT 2025-06-27 17:15:27.253429
2025-06-27 17:15:27 - Analyzed: 'Password@1234' | Score: 2/4
